<?xml version="1.0" encoding="UTF-8"?>
<testsuite xmlns:xsi="http://www.w3.org/2001/XMLSchema-instance" xsi:noNamespaceSchemaLocation="https://maven.apache.org/surefire/maven-surefire-plugin/xsd/surefire-test-report-3.0.xsd" version="3.0" name="com.cognizant.springlearn.SpringLearnApplicationTests" time="1.978" tests="4" errors="0" skipped="0" failures="0">
  <properties>
[...]
</properties>
  <testcase name="testAuthenticate" classname="com.cognizant.springlearn.SpringLearnApplicationTests" time="0.563">
    <system-out><![CDATA[11:26:04.417 [main] INFO org.springframework.test.context.support.AnnotationConfigContextLoaderUtils -- Could not detect default configuration classes for test class [com.cognizant.springlearn.SpringLearnApplicationTests]: SpringLearnApplicationTests does not declare any static, non-private, non-final, nested classes annotated with @Configuration.
11:26:04.481 [main] INFO org.springframework.boot.test.context.SpringBootTestContextBootstrapper -- Found @SpringBootConfiguration com.cognizant.springlearn.SpringLearnApplication for test class com.cognizant.springlearn.SpringLearnApplicationTests

  .   ____          _            __ _ _
 /\\ / ___'_ __ _ _(_)_ __  __ _ \ \ \ \
( ( )\___ | '_ | '_| | '_ \/ _` | \ \ \ \
 \\/  ___)| |_)| | | | | || (_| |  ) ) ) )
  '  |____| .__|_| |_|_| |_\__, | / / / /
 =========|_|==============|___/=/_/_/_/

 :: Spring Boot ::                (v3.3.1)

260717|11:26:04.711|main                | INFO|ringLearnApplicationTests|              logStarting|Starting SpringLearnApplicationTests using Java 26.0.1 with PID 11660 (started by avinash in /home/avinash/Code/Cognizant-Deep-Skilling-Assessments/Week-4/spring-learn)
260717|11:26:04.712|main                |DEBUG|ringLearnApplicationTests|              logStarting|Running with Spring Boot v3.3.1, Spring v6.1.10
260717|11:26:04.713|main                | INFO|ringLearnApplicationTests|    logStartupProfileInfo|No active profile set, falling back to 1 default profile: "default"
260717|11:26:05.226|main                |DEBUG|c.c.s.c.CountryController|                   <init>|Inside CountryController Constructor.
260717|11:26:05.230|main                |DEBUG|c.c.springlearn.Country  |                   <init>|Inside Country Constructor.
260717|11:26:05.231|main                |DEBUG|c.c.springlearn.Country  |                  setCode|Inside setCode: IN
260717|11:26:05.232|main                |DEBUG|c.c.springlearn.Country  |                  setName|Inside setName: India
260717|11:26:05.232|main                |DEBUG|c.c.springlearn.Country  |                   <init>|Inside Country Constructor.
260717|11:26:05.232|main                |DEBUG|c.c.springlearn.Country  |                  setCode|Inside setCode: US
260717|11:26:05.233|main                |DEBUG|c.c.springlearn.Country  |                  setName|Inside setName: United States
260717|11:26:05.233|main                |DEBUG|c.c.springlearn.Country  |                   <init>|Inside Country Constructor.
260717|11:26:05.233|main                |DEBUG|c.c.springlearn.Country  |                  setCode|Inside setCode: DE
260717|11:26:05.233|main                |DEBUG|c.c.springlearn.Country  |                  setName|Inside setName: Germany
260717|11:26:05.233|main                |DEBUG|c.c.springlearn.Country  |                   <init>|Inside Country Constructor.
260717|11:26:05.234|main                |DEBUG|c.c.springlearn.Country  |                  setCode|Inside setCode: JP
260717|11:26:05.234|main                |DEBUG|c.c.springlearn.Country  |                  setName|Inside setName: Japan
260717|11:26:05.239|main                |DEBUG|c.c.springlearn.Country  |                   <init>|Inside Country Constructor.
260717|11:26:05.240|main                |DEBUG|c.c.springlearn.Country  |                  setCode|Inside setCode: IN
260717|11:26:05.240|main                |DEBUG|c.c.springlearn.Country  |                  setName|Inside setName: India
260717|11:26:05.283|main                | INFO|c.c.s.s.SecurityConfig   |          passwordEncoder|Start passwordEncoder
260717|11:26:05.285|main                | INFO|c.c.s.s.SecurityConfig   |       userDetailsService|Start userDetailsService
260717|11:26:05.409|main                | INFO|rDetailsManagerConfigurer|                configure|Global AuthenticationManager configured with UserDetailsService bean with name userDetailsService
260717|11:26:05.514|main                | INFO|c.c.s.s.SecurityConfig   |      securityFilterChain|Start securityFilterChain
260717|11:26:05.521|main                | INFO|.s.JwtAuthorizationFilter|                   <init>|START Constructor
260717|11:26:05.695|main                | INFO|ingBootMockServletContext|                      log|Initializing Spring TestDispatcherServlet ''
260717|11:26:05.695|main                | INFO|w.s.TestDispatcherServlet|          initServletBean|Initializing Servlet ''
260717|11:26:05.696|main                | INFO|w.s.TestDispatcherServlet|          initServletBean|Completed initialization in 1 ms
260717|11:26:05.709|main                | INFO|ringLearnApplicationTests|               logStarted|Started SpringLearnApplicationTests in 1.161 seconds (process running for 1.641)
260717|11:26:06.090|main                | INFO|.s.JwtAuthorizationFilter|         doFilterInternal|START doFilterInternal
260717|11:26:06.091|main                |DEBUG|.s.JwtAuthorizationFilter|         doFilterInternal|Authorization Header: Basic dXNlcjpwd2Q=
260717|11:26:06.214|main                | INFO|.AuthenticationController|             authenticate|START authenticate
260717|11:26:06.214|main                |DEBUG|.AuthenticationController|             authenticate|Authorization Header: Basic dXNlcjpwd2Q=
260717|11:26:06.214|main                | INFO|.AuthenticationController|                  getUser|START getUser
260717|11:26:06.214|main                |DEBUG|.AuthenticationController|                  getUser|Decoded user: user
260717|11:26:06.215|main                | INFO|.AuthenticationController|                  getUser|END getUser
260717|11:26:06.215|main                | INFO|.AuthenticationController|              generateJwt|START generateJwt: user
260717|11:26:06.247|main                | INFO|.AuthenticationController|              generateJwt|END generateJwt
260717|11:26:06.247|main                | INFO|.AuthenticationController|             authenticate|END authenticate
]]></system-out>
    <system-err><![CDATA[WARNING: A Java agent has been loaded dynamically (/home/avinash/.m2/repository/net/bytebuddy/byte-buddy-agent/1.14.17/byte-buddy-agent-1.14.17.jar)
WARNING: If a serviceability tool is in use, please run with -XX:+EnableDynamicAgentLoading to hide this warning
WARNING: If a serviceability tool is not in use, please run with -Djdk.instrument.traceUsage for more information
WARNING: Dynamic loading of agents will be disallowed by default in a future release
]]></system-err>
  </testcase>
  <testcase name="testGetCountryNotFound" classname="com.cognizant.springlearn.SpringLearnApplicationTests" time="0.016">
    <system-out><![CDATA[260717|11:26:06.293|main                | INFO|.s.JwtAuthorizationFilter|         doFilterInternal|START doFilterInternal
260717|11:26:06.293|main                |DEBUG|.s.JwtAuthorizationFilter|         doFilterInternal|Authorization Header: null
260717|11:26:06.295|main                | INFO|c.c.s.c.CountryController|               getCountry|START getCountry controller: az
260717|11:26:06.295|main                | INFO|c.c.s.s.CountryService   |               getCountry|START getCountry: az
260717|11:26:06.296|main                |DEBUG|c.c.springlearn.Country  |                  getCode|Inside getCode: IN
260717|11:26:06.296|main                |DEBUG|c.c.springlearn.Country  |                  getCode|Inside getCode: US
260717|11:26:06.296|main                |DEBUG|c.c.springlearn.Country  |                  getCode|Inside getCode: DE
260717|11:26:06.296|main                |DEBUG|c.c.springlearn.Country  |                  getCode|Inside getCode: JP
260717|11:26:06.296|main                |ERROR|c.c.s.s.CountryService   |      lambda$getCountry$1|Country not found: az
]]></system-out>
  </testcase>
  <testcase name="contextLoads" classname="com.cognizant.springlearn.SpringLearnApplicationTests" time="0.002"/>
  <testcase name="testGetCountry" classname="com.cognizant.springlearn.SpringLearnApplicationTests" time="0.011">
    <system-out><![CDATA[260717|11:26:06.307|main                | INFO|.s.JwtAuthorizationFilter|         doFilterInternal|START doFilterInternal
260717|11:26:06.307|main                |DEBUG|.s.JwtAuthorizationFilter|         doFilterInternal|Authorization Header: null
260717|11:26:06.308|main                | INFO|c.c.s.c.CountryController|          getCountryIndia|START getCountryIndia
260717|11:26:06.308|main                | INFO|c.c.s.c.CountryController|          getCountryIndia|END getCountryIndia
260717|11:26:06.314|main                |DEBUG|c.c.springlearn.Country  |                  getCode|Inside getCode: IN
260717|11:26:06.314|main                |DEBUG|c.c.springlearn.Country  |                  getName|Inside getName: India
]]></system-out>
  </testcase>
</testsuite>